# JRE version: Java(TM) SE Runtime Environment (8.0_211-b12) (build 1.8.0_211-b12)
# Java VM: Java HotSpot(TM) 64-Bit Server VM (25.211-b12 mixed mode windows-amd64 compressed oops)
Heap:
 PSYoungGen      total 145408K, used 122131K [0x00000000f5580000, 0x00000000ffe80000, 0x0000000100000000)
  eden space 118272K, 100% used [0x00000000f5580000,0x00000000fc900000,0x00000000fc900000)
  from space 27136K, 14% used [0x00000000fc900000,0x00000000fccc4e10,0x00000000fe380000)
  to   space 26624K, 12% used [0x00000000fe480000,0x00000000fe7ae768,0x00000000ffe80000)
 ParOldGen       total 297472K, used 260239K [0x00000000e0000000, 0x00000000f2280000, 0x00000000f5580000)
  object space 297472K, 87% used [0x00000000e0000000,0x00000000efe23f38,0x00000000f2280000)
 Metaspace       used 148450K, capacity 156390K, committed 156672K, reserved 1185792K
  class space    used 18845K, capacity 20414K, committed 20480K, reserved 1048576K
GC Heap History (10 events):
Event: 9803.509 GC heap after
Heap after GC invocations=126 (full 7):
 PSYoungGen      total 128512K, used 13513K [0x00000000f5580000, 0x00000000ffd80000, 0x0000000100000000)
  eden space 114688K, 0% used [0x00000000f5580000,0x00000000f5580000,0x00000000fc580000)
  from space 13824K, 97% used [0x00000000fc580000,0x00000000fd2b2630,0x00000000fd300000)
  to   space 28672K, 0% used [0x00000000fe180000,0x00000000fe180000,0x00000000ffd80000)
 ParOldGen       total 297472K, used 233259K [0x00000000e0000000, 0x00000000f2280000, 0x00000000f5580000)
  object space 297472K, 78% used [0x00000000e0000000,0x00000000ee3caf48,0x00000000f2280000)
 Metaspace       used 148395K, capacity 156302K, committed 156416K, reserved 1185792K
  class space    used 18841K, capacity 20408K, committed 20480K, reserved 1048576K
}
Event: 9804.047 GC heap before
{Heap before GC invocations=127 (full 7):
 PSYoungGen      total 128512K, used 128201K [0x00000000f5580000, 0x00000000ffd80000, 0x0000000100000000)
  eden space 114688K, 100% used [0x00000000f5580000,0x00000000fc580000,0x00000000fc580000)
  from space 13824K, 97% used [0x00000000fc580000,0x00000000fd2b2630,0x00000000fd300000)
  to   space 28672K, 0% used [0x00000000fe180000,0x00000000fe180000,0x00000000ffd80000)
 ParOldGen       total 297472K, used 233259K [0x00000000e0000000, 0x00000000f2280000, 0x00000000f5580000)
  object space 297472K, 78% used [0x00000000e0000000,0x00000000ee3caf48,0x00000000f2280000)
 Metaspace       used 148415K, capacity 156312K, committed 156416K, reserved 1185792K
  class space    used 18842K, capacity 20411K, committed 20480K, reserved 1048576K
Event: 9804.084 GC heap after
Heap after GC invocations=127 (full 7):
 PSYoungGen      total 143872K, used 3978K [0x00000000f5580000, 0x0000000100000000, 0x0000000100000000)
  eden space 115200K, 0% used [0x00000000f5580000,0x00000000f5580000,0x00000000fc600000)
  from space 28672K, 13% used [0x00000000fe180000,0x00000000fe5629d0,0x00000000ffd80000)
  to   space 28160K, 0% used [0x00000000fc600000,0x00000000fc600000,0x00000000fe180000)
 ParOldGen       total 297472K, used 246186K [0x00000000e0000000, 0x00000000f2280000, 0x00000000f5580000)
  object space 297472K, 82% used [0x00000000e0000000,0x00000000ef06a8b0,0x00000000f2280000)
 Metaspace       used 148415K, capacity 156312K, committed 156416K, reserved 1185792K
  class space    used 18842K, capacity 20411K, committed 20480K, reserved 1048576K
}
Event: 9804.484 GC heap before
{Heap before GC invocations=128 (full 7):
 PSYoungGen      total 143872K, used 119178K [0x00000000f5580000, 0x0000000100000000, 0x0000000100000000)
  eden space 115200K, 100% used [0x00000000f5580000,0x00000000fc600000,0x00000000fc600000)
  from space 28672K, 13% used [0x00000000fe180000,0x00000000fe5629d0,0x00000000ffd80000)
  to   space 28160K, 0% used [0x00000000fc600000,0x00000000fc600000,0x00000000fe180000)
 ParOldGen       total 297472K, used 246186K [0x00000000e0000000, 0x00000000f2280000, 0x00000000f5580000)
  object space 297472K, 82% used [0x00000000e0000000,0x00000000ef06a8b0,0x00000000f2280000)
 Metaspace       used 148427K, capacity 156312K, committed 156416K, reserved 1185792K
  class space    used 18844K, capacity 20411K, committed 20480K, reserved 1048576K
Event: 9804.499 GC heap after
Heap after GC invocations=128 (full 7):
 PSYoungGen      total 143360K, used 4018K [0x00000000f5580000, 0x00000000ffe80000, 0x0000000100000000)
  eden space 115200K, 0% used [0x00000000f5580000,0x00000000f5580000,0x00000000fc600000)
  from space 28160K, 14% used [0x00000000fc600000,0x00000000fc9eca60,0x00000000fe180000)
  to   space 27648K, 0% used [0x00000000fe380000,0x00000000fe380000,0x00000000ffe80000)
 ParOldGen       total 297472K, used 249642K [0x00000000e0000000, 0x00000000f2280000, 0x00000000f5580000)
  object space 297472K, 83% used [0x00000000e0000000,0x00000000ef3ca910,0x00000000f2280000)
 Metaspace       used 148427K, capacity 156312K, committed 156416K, reserved 1185792K
  class space    used 18844K, capacity 20411K, committed 20480K, reserved 1048576K
}
Event: 9804.870 GC heap before
{Heap before GC invocations=129 (full 7):
 PSYoungGen      total 143360K, used 119218K [0x00000000f5580000, 0x00000000ffe80000, 0x0000000100000000)
  eden space 115200K, 100% used [0x00000000f5580000,0x00000000fc600000,0x00000000fc600000)
  from space 28160K, 14% used [0x00000000fc600000,0x00000000fc9eca60,0x00000000fe180000)
  to   space 27648K, 0% used [0x00000000fe380000,0x00000000fe380000,0x00000000ffe80000)
 ParOldGen       total 297472K, used 249642K [0x00000000e0000000, 0x00000000f2280000, 0x00000000f5580000)
  object space 297472K, 83% used [0x00000000e0000000,0x00000000ef3ca910,0x00000000f2280000)
 Metaspace       used 148431K, capacity 156312K, committed 156416K, reserved 1185792K
  class space    used 18844K, capacity 20411K, committed 20480K, reserved 1048576K
Event: 9804.883 GC heap after
Heap after GC invocations=129 (full 7):
 PSYoungGen      total 145920K, used 4330K [0x00000000f5580000, 0x00000000ffe80000, 0x0000000100000000)
  eden space 118272K, 0% used [0x00000000f5580000,0x00000000f5580000,0x00000000fc900000)
  from space 27648K, 15% used [0x00000000fe380000,0x00000000fe7ba960,0x00000000ffe80000)
  to   space 27136K, 0% used [0x00000000fc900000,0x00000000fc900000,0x00000000fe380000)
 ParOldGen       total 297472K, used 253175K [0x00000000e0000000, 0x00000000f2280000, 0x00000000f5580000)
  object space 297472K, 85% used [0x00000000e0000000,0x00000000ef73dd18,0x00000000f2280000)
 Metaspace       used 148431K, capacity 156312K, committed 156416K, reserved 1185792K
  class space    used 18844K, capacity 20411K, committed 20480K, reserved 1048576K
}
Event: 9805.388 GC heap before
{Heap before GC invocations=130 (full 7):
 PSYoungGen      total 145920K, used 122602K [0x00000000f5580000, 0x00000000ffe80000, 0x0000000100000000)
  eden space 118272K, 100% used [0x00000000f5580000,0x00000000fc900000,0x00000000fc900000)
  from space 27648K, 15% used [0x00000000fe380000,0x00000000fe7ba960,0x00000000ffe80000)
  to   space 27136K, 0% used [0x00000000fc900000,0x00000000fc900000,0x00000000fe380000)
 ParOldGen       total 297472K, used 253175K [0x00000000e0000000, 0x00000000f2280000, 0x00000000f5580000)
  object space 297472K, 85% used [0x00000000e0000000,0x00000000ef73dd18,0x00000000f2280000)
 Metaspace       used 148442K, capacity 156320K, committed 156416K, reserved 1185792K
  class space    used 18845K, capacity 20413K, committed 20480K, reserved 1048576K
Event: 9805.412 GC heap after
Heap after GC invocations=130 (full 7):
 PSYoungGen      total 145408K, used 3859K [0x00000000f5580000, 0x00000000ffe80000, 0x0000000100000000)
  eden space 118272K, 0% used [0x00000000f5580000,0x00000000f5580000,0x00000000fc900000)
  from space 27136K, 14% used [0x00000000fc900000,0x00000000fccc4e10,0x00000000fe380000)
  to   space 26624K, 0% used [0x00000000fe480000,0x00000000fe480000,0x00000000ffe80000)
 ParOldGen       total 297472K, used 257004K [0x00000000e0000000, 0x00000000f2280000, 0x00000000f5580000)
  object space 297472K, 86% used [0x00000000e0000000,0x00000000efafb2f0,0x00000000f2280000)
 Metaspace       used 148442K, capacity 156320K, committed 156416K, reserved 1185792K
  class space    used 18845K, capacity 20413K, committed 20480K, reserved 1048576K
}
Event: 9805.835 GC heap before
{Heap before GC invocations=131 (full 7):
 PSYoungGen      total 145408K, used 122131K [0x00000000f5580000, 0x00000000ffe80000, 0x0000000100000000)
  eden space 118272K, 100% used [0x00000000f5580000,0x00000000fc900000,0x00000000fc900000)
  from space 27136K, 14% used [0x00000000fc900000,0x00000000fccc4e10,0x00000000fe380000)
  to   space 26624K, 0% used [0x00000000fe480000,0x00000000fe480000,0x00000000ffe80000)
 ParOldGen       total 297472K, used 257004K [0x00000000e0000000, 0x00000000f2280000, 0x00000000f5580000)
  object space 297472K, 86% used [0x00000000e0000000,0x00000000efafb2f0,0x00000000f2280000)
 Metaspace       used 148450K, capacity 156390K, committed 156672K, reserved 1185792K
  class space    used 18845K, capacity 20414K, committed 20480K, reserved 1048576K

